This is pdfTeX, Version 3.14159265-2.6-1.40.21 (MiKTeX 20.12) (preloaded format=pdflatex 2020.12.30)  31 DEC 2020 04:32
entering extended mode
**./part2.tex
(part2.tex
LaTeX2e <2020-10-01> patch level 2
L3 programming layer <2020-12-07> xparse <2020-03-03>
! Undefined control sequence.
l.2 \subsubsection
                  *{\center –ó–∞–¥–∞—á–∞ ‚Ññ 1.}
The control sequence at the end of the top line
of your error message was never \def'ed. If you have
misspelled it (e.g., `\hobx'), type `I' and the correct
spelling (e.g., `I\hbox'). Otherwise just continue,
and I'll forget about whatever was undefined.


! LaTeX Error: Missing \begin{document}.

See the LaTeX manual or LaTeX Companion for explanation.
Type  H <return>  for immediate help.
 ...                                              
                                                  
l.2 \subsubsection*
                   {\center –ó–∞–¥–∞—á–∞ ‚Ññ 1.}
You're in trouble here.  Try typing  <return>  to proceed.
If that doesn't work, type  X <return>  to quit.

Missing character: There is no * in font nullfont!

Overfull \hbox (20.0pt too wide) in paragraph at lines 2--2
[] 
 []


! Package inputenc Error: Unicode character –ó (U+0417)
(inputenc)                not set up for use with LaTeX.

See the inputenc package documentation for explanation.
Type  H <return>  for immediate help.
 ...                                              
                                                  
l.2 \subsubsection*{\center –ó
                              –∞–¥–∞—á–∞ ‚Ññ 1.}
You may provide a definition with
\DeclareUnicodeCharacter 


! Package inputenc Error: Unicode character –∞ (U+0430)
(inputenc)                not set up for use with LaTeX.

See the inputenc package documentation for explanation.
Type  H <return>  for immediate help.
 ...                                              
                                                  
l.2 \subsubsection*{\center –ó–∞
                                –¥–∞—á–∞ ‚Ññ 1.}
You may provide a definition with
\DeclareUnicodeCharacter 


! Package inputenc Error: Unicode character –¥ (U+0434)
(inputenc)                not set up for use with LaTeX.

See the inputenc package documentation for explanation.
Type  H <return>  for immediate help.
 ...                                              
                                                  
l.2 \subsubsection*{\center –ó–∞–¥
                                  –∞—á–∞ ‚Ññ 1.}
You may provide a definition with
\DeclareUnicodeCharacter 


! Package inputenc Error: Unicode character –∞ (U+0430)
(inputenc)                not set up for use with LaTeX.

See the inputenc package documentation for explanation.
Type  H <return>  for immediate help.
 ...                                              
                                                  
l.2 \subsubsection*{\center –ó–∞–¥–∞
                                    —á–∞ ‚Ññ 1.}
You may provide a definition with
\DeclareUnicodeCharacter 


! Package inputenc Error: Unicode character —á (U+0447)
(inputenc)                not set up for use with LaTeX.

See the inputenc package documentation for explanation.
Type  H <return>  for immediate help.
 ...                                              
                                                  
l.2 \subsubsection*{\center –ó–∞–¥–∞—á
                                      –∞ ‚Ññ 1.}
You may provide a definition with
\DeclareUnicodeCharacter 


! Package inputenc Error: Unicode character –∞ (U+0430)
(inputenc)                not set up for use with LaTeX.

See the inputenc package documentation for explanation.
Type  H <return>  for immediate help.
 ...                                              
                                                  
l.2 \subsubsection*{\center –ó–∞–¥–∞—á–∞
                                         ‚Ññ 1.}
You may provide a definition with
\DeclareUnicodeCharacter 

Missing character: There is no 1 in font nullfont!
Missing character: There is no . in font nullfont!
! Undefined control sequence.
l.3 {\bf
         –£—Å–ª–æ–≤–∏–µ.~}
The control sequence at the end of the top line
of your error message was never \def'ed. If you have
misspelled it (e.g., `\hobx'), type `I' and the correct
spelling (e.g., `I\hbox'). Otherwise just continue,
and I'll forget about whatever was undefined.


! Package inputenc Error: Unicode character –£ (U+0423)
(inputenc)                not set up for use with LaTeX.

See the inputenc package documentation for explanation.
Type  H <return>  for immediate help.
 ...                                              
                                                  
l.3 {\bf –£
           —Å–ª–æ–≤–∏–µ.~}
You may provide a definition with
\DeclareUnicodeCharacter 


! Package inputenc Error: Unicode character —Å (U+0441)
(inputenc)                not set up for use with LaTeX.

See the inputenc package documentation for explanation.
Type  H <return>  for immediate help.
 ...                                              
                                                  
l.3 {\bf –£—Å
             –ª–æ–≤–∏–µ.~}
You may provide a definition with
\DeclareUnicodeCharacter 


! Package inputenc Error: Unicode character –ª (U+043B)
(inputenc)                not set up for use with LaTeX.

See the inputenc package documentation for explanation.
Type  H <return>  for immediate help.
 ...                                              
                                                  
l.3 {\bf –£—Å–ª
               –æ–≤–∏–µ.~}
You may provide a definition with
\DeclareUnicodeCharacter 


! Package inputenc Error: Unicode character –æ (U+043E)
(inputenc)                not set up for use with LaTeX.

See the inputenc package documentation for explanation.
Type  H <return>  for immediate help.
 ...                                              
                                                  
l.3 {\bf –£—Å–ª–æ
                 –≤–∏–µ.~}
You may provide a definition with
\DeclareUnicodeCharacter 


! Package inputenc Error: Unicode character –≤ (U+0432)
(inputenc)                not set up for use with LaTeX.

See the inputenc package documentation for explanation.
Type  H <return>  for immediate help.
 ...                                              
                                                  
l.3 {\bf –£—Å–ª–æ–≤
                   –∏–µ.~}
You may provide a definition with
\DeclareUnicodeCharacter 


! Package inputenc Error: Unicode character –∏ (U+0438)
(inputenc)                not set up for use with LaTeX.

See the inputenc package documentation for explanation.
Type  H <return>  for immediate help.
 ...                                              
                                                  
l.3 {\bf –£—Å–ª–æ–≤–∏
                     –µ.~}
You may provide a definition with
\DeclareUnicodeCharacter 


! Package inputenc Error: Unicode character –µ (U+0435)
(inputenc)                not set up for use with LaTeX.

See the inputenc package documentation for explanation.
Type  H <return>  for immediate help.
 ...                                              
                                                  
l.3 {\bf –£—Å–ª–æ–≤–∏–µ
                       .~}
You may provide a definition with
\DeclareUnicodeCharacter 

Missing character: There is no . in font nullfont!

! Package inputenc Error: Unicode character –î (U+0414)
(inputenc)                not set up for use with LaTeX.

See the inputenc package documentation for explanation.
Type  H <return>  for immediate help.
 ...                                              
                                                  
l.4 –î
      –∞–Ω–∞ –ø–æ—Å–ª–µ–¥–æ–≤–∞—Ç–µ–ª—å–Ω–æ—Å—Ç—å $\{a_n\} = \dfrac{3n^2}{2-...

You may provide a definition with
\DeclareUnicodeCharacter 


! Package inputenc Error: Unicode character –∞ (U+0430)
(inputenc)                not set up for use with LaTeX.

See the inputenc package documentation for explanation.
Type  H <return>  for immediate help.
 ...                                              
                                                  
l.4 –î–∞
        –Ω–∞ –ø–æ—Å–ª–µ–¥–æ–≤–∞—Ç–µ–ª—å–Ω–æ—Å—Ç—å $\{a_n\} = \dfrac{3n^2}{2-...

You may provide a definition with
\DeclareUnicodeCharacter 


! Package inputenc Error: Unicode character –Ω (U+043D)
(inputenc)                not set up for use with LaTeX.

See the inputenc package documentation for explanation.
Type  H <return>  for immediate help.
 ...                                              
                                                  
l.4 –î–∞–Ω
          –∞ –ø–æ—Å–ª–µ–¥–æ–≤–∞—Ç–µ–ª—å–Ω–æ—Å—Ç—å $\{a_n\} = \dfrac{3n^2}{2-...

You may provide a definition with
\DeclareUnicodeCharacter 


! Package inputenc Error: Unicode character –∞ (U+0430)
(inputenc)                not set up for use with LaTeX.

See the inputenc package documentation for explanation.
Type  H <return>  for immediate help.
 ...                                              
                                                  
l.4 –î–∞–Ω–∞
             –ø–æ—Å–ª–µ–¥–æ–≤–∞—Ç–µ–ª—å–Ω–æ—Å—Ç—å $\{a_n\} = \dfrac{3n^2}{2-...

You may provide a definition with
\DeclareUnicodeCharacter 


! Package inputenc Error: Unicode character –ø (U+043F)
(inputenc)                not set up for use with LaTeX.

See the inputenc package documentation for explanation.
Type  H <return>  for immediate help.
 ...                                              
                                                  
l.4 –î–∞–Ω–∞ –ø
               –æ—Å–ª–µ–¥–æ–≤–∞—Ç–µ–ª—å–Ω–æ—Å—Ç—å $\{a_n\} = \dfrac{3n^2}{2-...

You may provide a definition with
\DeclareUnicodeCharacter 


! Package inputenc Error: Unicode character –æ (U+043E)
(inputenc)                not set up for use with LaTeX.

See the inputenc package documentation for explanation.
Type  H <return>  for immediate help.
 ...                                              
                                                  
l.4 –î–∞–Ω–∞ –ø–æ
                 —Å–ª–µ–¥–æ–≤–∞—Ç–µ–ª—å–Ω–æ—Å—Ç—å $\{a_n\} = \dfrac{3n^2}{2-...

You may provide a definition with
\DeclareUnicodeCharacter 


! Package inputenc Error: Unicode character —Å (U+0441)
(inputenc)                not set up for use with LaTeX.

See the inputenc package documentation for explanation.
Type  H <return>  for immediate help.
 ...                                              
                                                  
l.4 –î–∞–Ω–∞ –ø–æ—Å
                   –ª–µ–¥–æ–≤–∞—Ç–µ–ª—å–Ω–æ—Å—Ç—å $\{a_n\} = \dfrac{3n^2}{2-...

You may provide a definition with
\DeclareUnicodeCharacter 


! Package inputenc Error: Unicode character –ª (U+043B)
(inputenc)                not set up for use with LaTeX.

See the inputenc package documentation for explanation.
Type  H <return>  for immediate help.
 ...                                              
                                                  
l.4 –î–∞–Ω–∞ –ø–æ—Å–ª
                     –µ–¥–æ–≤–∞—Ç–µ–ª—å–Ω–æ—Å—Ç—å $\{a_n\} = \dfrac{3n^2}{2-...

You may provide a definition with
\DeclareUnicodeCharacter 


! Package inputenc Error: Unicode character –µ (U+0435)
(inputenc)                not set up for use with LaTeX.

See the inputenc package documentation for explanation.
Type  H <return>  for immediate help.
 ...                                              
                                                  
l.4 –î–∞–Ω–∞ –ø–æ—Å–ª–µ
                       –¥–æ–≤–∞—Ç–µ–ª—å–Ω–æ—Å—Ç—å $\{a_n\} = \dfrac{3n^2}{2-...

You may provide a definition with
\DeclareUnicodeCharacter 


! Package inputenc Error: Unicode character –¥ (U+0434)
(inputenc)                not set up for use with LaTeX.

See the inputenc package documentation for explanation.
Type  H <return>  for immediate help.
 ...                                              
                                                  
l.4 –î–∞–Ω–∞ –ø–æ—Å–ª–µ–¥
                         –æ–≤–∞—Ç–µ–ª—å–Ω–æ—Å—Ç—å $\{a_n\} = \dfrac{3n^2}{2-...

You may provide a definition with
\DeclareUnicodeCharacter 


! Package inputenc Error: Unicode character –æ (U+043E)
(inputenc)                not set up for use with LaTeX.

See the inputenc package documentation for explanation.
Type  H <return>  for immediate help.
 ...                                              
                                                  
l.4 –î–∞–Ω–∞ –ø–æ—Å–ª–µ–¥–æ
                           –≤–∞—Ç–µ–ª—å–Ω–æ—Å—Ç—å $\{a_n\} = \dfrac{3n^2}{2-...

You may provide a definition with
\DeclareUnicodeCharacter 


! Package inputenc Error: Unicode character –≤ (U+0432)
(inputenc)                not set up for use with LaTeX.

See the inputenc package documentation for explanation.
Type  H <return>  for immediate help.
 ...                                              
                                                  
l.4 –î–∞–Ω–∞ –ø–æ—Å–ª–µ–¥–æ–≤
                             –∞—Ç–µ–ª—å–Ω–æ—Å—Ç—å $\{a_n\} = \dfrac{3n^2}{2-...

You may provide a definition with
\DeclareUnicodeCharacter 


! Package inputenc Error: Unicode character –∞ (U+0430)
(inputenc)                not set up for use with LaTeX.

See the inputenc package documentation for explanation.
Type  H <return>  for immediate help.
 ...                                              
                                                  
l.4 –î–∞–Ω–∞ –ø–æ—Å–ª–µ–¥–æ–≤–∞
                               —Ç–µ–ª—å–Ω–æ—Å—Ç—å $\{a_n\} = \dfrac{3n^2}{2-...

You may provide a definition with
\DeclareUnicodeCharacter 


! Package inputenc Error: Unicode character —Ç (U+0442)
(inputenc)                not set up for use with LaTeX.

See the inputenc package documentation for explanation.
Type  H <return>  for immediate help.
 ...                                              
                                                  
l.4 –î–∞–Ω–∞ –ø–æ—Å–ª–µ–¥–æ–≤–∞—Ç
                                 –µ–ª—å–Ω–æ—Å—Ç—å $\{a_n\} = \dfrac{3n^2}{2-...

You may provide a definition with
\DeclareUnicodeCharacter 


! Package inputenc Error: Unicode character –µ (U+0435)
(inputenc)                not set up for use with LaTeX.

See the inputenc package documentation for explanation.
Type  H <return>  for immediate help.
 ...                                              
                                                  
l.4 –î–∞–Ω–∞ –ø–æ—Å–ª–µ–¥–æ–≤–∞—Ç–µ
                                   –ª—å–Ω–æ—Å—Ç—å $\{a_n\} = \dfrac{3n^2}{2-...

You may provide a definition with
\DeclareUnicodeCharacter 


! Package inputenc Error: Unicode character –ª (U+043B)
(inputenc)                not set up for use with LaTeX.

See the inputenc package documentation for explanation.
Type  H <return>  for immediate help.
 ...                                              
                                                  
l.4 –î–∞–Ω–∞ –ø–æ—Å–ª–µ–¥–æ–≤–∞—Ç–µ–ª
                                     —å–Ω–æ—Å—Ç—å $\{a_n\} = \dfrac{3n^2}{2-...

You may provide a definition with
\DeclareUnicodeCharacter 


! Package inputenc Error: Unicode character —å (U+044C)
(inputenc)                not set up for use with LaTeX.

See the inputenc package documentation for explanation.
Type  H <return>  for immediate help.
 ...                                              
                                                  
l.4 –î–∞–Ω–∞ –ø–æ—Å–ª–µ–¥–æ–≤–∞—Ç–µ–ª—å
                                       –Ω–æ—Å—Ç—å $\{a_n\} = \dfrac{3n^2}{2-...

You may provide a definition with
\DeclareUnicodeCharacter 


! Package inputenc Error: Unicode character –Ω (U+043D)
(inputenc)                not set up for use with LaTeX.

See the inputenc package documentation for explanation.
Type  H <return>  for immediate help.
 ...                                              
                                                  
l.4 –î–∞–Ω–∞ –ø–æ—Å–ª–µ–¥–æ–≤–∞—Ç–µ–ª—å–Ω
                                         –æ—Å—Ç—å $\{a_n\} = \dfrac{3n^2}{2-...

You may provide a definition with
\DeclareUnicodeCharacter 


! Package inputenc Error: Unicode character –æ (U+043E)
(inputenc)                not set up for use with LaTeX.

See the inputenc package documentation for explanation.
Type  H <return>  for immediate help.
 ...                                              
                                                  
l.4 –î–∞–Ω–∞ –ø–æ—Å–ª–µ–¥–æ–≤–∞—Ç–µ–ª—å–Ω–æ
                                           —Å—Ç—å $\{a_n\} = \dfrac{3n^2}{2-...

You may provide a definition with
\DeclareUnicodeCharacter 


! Package inputenc Error: Unicode character —Å (U+0441)
(inputenc)                not set up for use with LaTeX.

See the inputenc package documentation for explanation.
Type  H <return>  for immediate help.
 ...                                              
                                                  
l.4 –î–∞–Ω–∞ –ø–æ—Å–ª–µ–¥–æ–≤–∞—Ç–µ–ª—å–Ω–æ—Å
                                             —Ç—å $\{a_n\} = \dfrac{3n^2}{2-...

You may provide a definition with
\DeclareUnicodeCharacter 


! Package inputenc Error: Unicode character —Ç (U+0442)
(inputenc)                not set up for use with LaTeX.

See the inputenc package documentation for explanation.
Type  H <return>  for immediate help.
 ...                                              
                                                  
l.4 –î–∞–Ω–∞ –ø–æ—Å–ª–µ–¥–æ–≤–∞—Ç–µ–ª—å–Ω–æ—Å—Ç
                                               —å $\{a_n\} = \dfrac{3n^2}{2-...

You may provide a definition with
\DeclareUnicodeCharacter 


! Package inputenc Error: Unicode character —å (U+044C)
(inputenc)                not set up for use with LaTeX.

See the inputenc package documentation for explanation.
Type  H <return>  for immediate help.
 ...                                              
                                                  
l.4 –î–∞–Ω–∞ –ø–æ—Å–ª–µ–¥–æ–≤–∞—Ç–µ–ª—å–Ω–æ—Å—Ç—å
                                                  $\{a_n\} = \dfrac{3n^2}{2-...

You may provide a definition with
\DeclareUnicodeCharacter 

LaTeX Font Info:    External font `cmex10' loaded for size
(Font)              <7> on input line 4.
LaTeX Font Info:    External font `cmex10' loaded for size
(Font)              <5> on input line 4.
! Undefined control sequence.
l.4 ...¥–æ–≤–∞—Ç–µ–ª—å–Ω–æ—Å—Ç—å $\{a_n\} = \dfrac
                                                  {3n^2}{2-n^2}$ –∏ —á–∏—Å–ª...
The control sequence at the end of the top line
of your error message was never \def'ed. If you have
misspelled it (e.g., `\hobx'), type `I' and the correct
spelling (e.g., `I\hbox'). Otherwise just continue,
and I'll forget about whatever was undefined.


! Package inputenc Error: Unicode character –∏ (U+0438)
(inputenc)                not set up for use with LaTeX.

See the inputenc package documentation for explanation.
Type  H <return>  for immediate help.
 ...                                              
                                                  
l.4 ...–æ—Å—Ç—å $\{a_n\} = \dfrac{3n^2}{2-n^2}$ –∏
                                                   —á–∏—Å–ª–æ $c=-3$. –î–æ–∫...

You may provide a definition with
\DeclareUnicodeCharacter 


! Package inputenc Error: Unicode character —á (U+0447)
(inputenc)                not set up for use with LaTeX.

See the inputenc package documentation for explanation.
Type  H <return>  for immediate help.
 ...                                              
                                                  
l.4 ...Å—Ç—å $\{a_n\} = \dfrac{3n^2}{2-n^2}$ –∏ —á
                                                  –∏—Å–ª–æ $c=-3$. –î–æ–∫–∞–...

You may provide a definition with
\DeclareUnicodeCharacter 


! Package inputenc Error: Unicode character –∏ (U+0438)
(inputenc)                not set up for use with LaTeX.

See the inputenc package documentation for explanation.
Type  H <return>  for immediate help.
 ...                                              
                                                  
l.4 ...Ç—å $\{a_n\} = \dfrac{3n^2}{2-n^2}$ –∏ —á–∏
                                                  —Å–ª–æ $c=-3$. –î–æ–∫–∞–∑–...

You may provide a definition with
\DeclareUnicodeCharacter 


! Package inputenc Error: Unicode character —Å (U+0441)
(inputenc)                not set up for use with LaTeX.

See the inputenc package documentation for explanation.
Type  H <return>  for immediate help.
 ...                                              
                                                  
l.4 ...å $\{a_n\} = \dfrac{3n^2}{2-n^2}$ –∏ —á–∏—Å
                                                  –ª–æ $c=-3$. –î–æ–∫–∞–∑–∞—...

You may provide a definition with
\DeclareUnicodeCharacter 


! Package inputenc Error: Unicode character –ª (U+043B)
(inputenc)                not set up for use with LaTeX.

See the inputenc package documentation for explanation.
Type  H <return>  for immediate help.
 ...                                              
                                                  
l.4 ...$\{a_n\} = \dfrac{3n^2}{2-n^2}$ –∏ —á–∏—Å–ª
                                                  –æ $c=-3$. –î–æ–∫–∞–∑–∞—Ç—...

You may provide a definition with
\DeclareUnicodeCharacter 


! Package inputenc Error: Unicode character –æ (U+043E)
(inputenc)                not set up for use with LaTeX.

See the inputenc package documentation for explanation.
Type  H <return>  for immediate help.
 ...                                              
                                                  
l.4 ...{a_n\} = \dfrac{3n^2}{2-n^2}$ –∏ —á–∏—Å–ª–æ
                                                   $c=-3$. –î–æ–∫–∞–∑–∞—Ç—å,...

You may provide a definition with
\DeclareUnicodeCharacter 

Missing character: There is no . in font nullfont!

! Package inputenc Error: Unicode character –î (U+0414)
(inputenc)                not set up for use with LaTeX.

See the inputenc package documentation for explanation.
Type  H <return>  for immediate help.
 ...                                              
                                                  
l.4 ...frac{3n^2}{2-n^2}$ –∏ —á–∏—Å–ª–æ $c=-3$. –î
                                                  –æ–∫–∞–∑–∞—Ç—å, —á—Ç–æ
You may provide a definition with
\DeclareUnicodeCharacter 


! Package inputenc Error: Unicode character –æ (U+043E)
(inputenc)                not set up for use with LaTeX.

See the inputenc package documentation for explanation.
Type  H <return>  for immediate help.
 ...                                              
                                                  
l.4 ...ac{3n^2}{2-n^2}$ –∏ —á–∏—Å–ª–æ $c=-3$. –î–æ
                                                  –∫–∞–∑–∞—Ç—å, —á—Ç–æ
You may provide a definition with
\DeclareUnicodeCharacter 


! Package inputenc Error: Unicode character –∫ (U+043A)
(inputenc)                not set up for use with LaTeX.

See the inputenc package documentation for explanation.
Type  H <return>  for immediate help.
 ...                                              
                                                  
l.4 ...{3n^2}{2-n^2}$ –∏ —á–∏—Å–ª–æ $c=-3$. –î–æ–∫
                                                  –∞–∑–∞—Ç—å, —á—Ç–æ
You may provide a definition with
\DeclareUnicodeCharacter 


! Package inputenc Error: Unicode character –∞ (U+0430)
(inputenc)                not set up for use with LaTeX.

See the inputenc package documentation for explanation.
Type  H <return>  for immediate help.
 ...                                              
                                                  
l.4 ...n^2}{2-n^2}$ –∏ —á–∏—Å–ª–æ $c=-3$. –î–æ–∫–∞
                                                  –∑–∞—Ç—å, —á—Ç–æ
You may provide a definition with
\DeclareUnicodeCharacter 


! Package inputenc Error: Unicode character –∑ (U+0437)
(inputenc)                not set up for use with LaTeX.

See the inputenc package documentation for explanation.
Type  H <return>  for immediate help.
 ...                                              
                                                  
l.4 ...2}{2-n^2}$ –∏ —á–∏—Å–ª–æ $c=-3$. –î–æ–∫–∞–∑
                                                  –∞—Ç—å, —á—Ç–æ
You may provide a definition with
\DeclareUnicodeCharacter 


! Package inputenc Error: Unicode character –∞ (U+0430)
(inputenc)                not set up for use with LaTeX.

See the inputenc package documentation for explanation.
Type  H <return>  for immediate help.
 ...                                              
                                                  
l.4 ...{2-n^2}$ –∏ —á–∏—Å–ª–æ $c=-3$. –î–æ–∫–∞–∑–∞
                                                  —Ç—å, —á—Ç–æ
You may provide a definition with
\DeclareUnicodeCharacter 


! Package inputenc Error: Unicode character —Ç (U+0442)
(inputenc)                not set up for use with LaTeX.

See the inputenc package documentation for explanation.
Type  H <return>  for immediate help.
 ...                                              
                                                  
l.4 ...-n^2}$ –∏ —á–∏—Å–ª–æ $c=-3$. –î–æ–∫–∞–∑–∞—Ç
                                                  —å, —á—Ç–æ
You may provide a definition with
\DeclareUnicodeCharacter 


! Package inputenc Error: Unicode character —å (U+044C)
(inputenc)                not set up for use with LaTeX.

See the inputenc package documentation for explanation.
Type  H <return>  for immediate help.
 ...                                              
                                                  
l.4 ...^2}$ –∏ —á–∏—Å–ª–æ $c=-3$. –î–æ–∫–∞–∑–∞—Ç—å
                                                  , —á—Ç–æ
You may provide a definition with
\DeclareUnicodeCharacter 

Missing character: There is no , in font nullfont!

! Package inputenc Error: Unicode character —á (U+0447)
(inputenc)                not set up for use with LaTeX.

See the inputenc package documentation for explanation.
Type  H <return>  for immediate help.
 ...                                              
                                                  
l.4 ... –∏ —á–∏—Å–ª–æ $c=-3$. –î–æ–∫–∞–∑–∞—Ç—å, —á
                                                  —Ç–æ
You may provide a definition with
\DeclareUnicodeCharacter 


! Package inputenc Error: Unicode character —Ç (U+0442)
(inputenc)                not set up for use with LaTeX.

See the inputenc package documentation for explanation.
Type  H <return>  for immediate help.
 ...                                              
                                                  
l.4 ...∏ —á–∏—Å–ª–æ $c=-3$. –î–æ–∫–∞–∑–∞—Ç—å, —á—Ç
                                                  –æ
You may provide a definition with
\DeclareUnicodeCharacter 


! Package inputenc Error: Unicode character –æ (U+043E)
(inputenc)                not set up for use with LaTeX.

See the inputenc package documentation for explanation.
Type  H <return>  for immediate help.
 ...                                              
                                                  
l.4 ...—á–∏—Å–ª–æ $c=-3$. –î–æ–∫–∞–∑–∞—Ç—å, —á—Ç–æ
                                                  
You may provide a definition with
\DeclareUnicodeCharacter 


Overfull \hbox (9.16443pt too wide) in paragraph at lines 2--5
\TS1/cmr/m/n/10 õ
 []


Overfull \hbox (31.28476pt too wide) in paragraph at lines 2--5
\OMS/cmsy/m/n/10 f\OML/cmm/m/it/10 a[]\OMS/cmsy/m/n/10 g \OT1/cmr/m/n/10 =
 []


Overfull \hbox (43.19913pt too wide) in paragraph at lines 2--5
[][]$
 []


Overfull \hbox (14.88307pt too wide) in paragraph at lines 2--5
\OML/cmm/m/it/10 c \OT1/cmr/m/n/10 =
 []


Overfull \hbox (12.77782pt too wide) in paragraph at lines 2--5
\OMS/cmsy/m/n/10  \OT1/cmr/m/n/10 3$
 []


Overfull \hbox (53.72223pt too wide) detected at line 5
[] \OML/cmm/m/it/10 a[] \OT1/cmr/m/n/10 = \OML/cmm/m/it/10 c;
 []


! Package inputenc Error: Unicode character –∞ (U+0430)
(inputenc)                not set up for use with LaTeX.

See the inputenc package documentation for explanation.
Type  H <return>  for immediate help.
 ...                                              
                                                  
l.6 –∞
       –∏–º–µ–Ω–Ω–æ, –¥–ª—è –∫–∞–∂–¥–æ–≥–æ —Å–∫–æ–ª—å —É–≥–æ–¥–Ω–æ –º–∞–ª–æ–...

You may provide a definition with
\DeclareUnicodeCharacter 


! Package inputenc Error: Unicode character –∏ (U+0438)
(inputenc)                not set up for use with LaTeX.

See the inputenc package documentation for explanation.
Type  H <return>  for immediate help.
 ...                                              
                                                  
l.6 –∞ –∏
         –º–µ–Ω–Ω–æ, –¥–ª—è –∫–∞–∂–¥–æ–≥–æ —Å–∫–æ–ª—å —É–≥–æ–¥–Ω–æ –º–∞–ª–æ–...

You may provide a definition with
\DeclareUnicodeCharacter 


! Package inputenc Error: Unicode character –º (U+043C)
(inputenc)                not set up for use with LaTeX.

See the inputenc package documentation for explanation.
Type  H <return>  for immediate help.
 ...                                              
                                                  
l.6 –∞ –∏–º
           –µ–Ω–Ω–æ, –¥–ª—è –∫–∞–∂–¥–æ–≥–æ —Å–∫–æ–ª—å —É–≥–æ–¥–Ω–æ –º–∞–ª–æ–...

You may provide a definition with
\DeclareUnicodeCharacter 


! Package inputenc Error: Unicode character –µ (U+0435)
(inputenc)                not set up for use with LaTeX.

See the inputenc package documentation for explanation.
Type  H <return>  for immediate help.
 ...                                              
                                                  
l.6 –∞ –∏–º–µ
             –Ω–Ω–æ, –¥–ª—è –∫–∞–∂–¥–æ–≥–æ —Å–∫–æ–ª—å —É–≥–æ–¥–Ω–æ –º–∞–ª–æ–...

You may provide a definition with
\DeclareUnicodeCharacter 


! Package inputenc Error: Unicode character –Ω (U+043D)
(inputenc)                not set up for use with LaTeX.

See the inputenc package documentation for explanation.
Type  H <return>  for immediate help.
 ...                                              
                                                  
l.6 –∞ –∏–º–µ–Ω
               –Ω–æ, –¥–ª—è –∫–∞–∂–¥–æ–≥–æ —Å–∫–æ–ª—å —É–≥–æ–¥–Ω–æ –º–∞–ª–æ–...

You may provide a definition with
\DeclareUnicodeCharacter 


! Package inputenc Error: Unicode character –Ω (U+043D)
(inputenc)                not set up for use with LaTeX.

See the inputenc package documentation for explanation.
Type  H <return>  for immediate help.
 ...                                              
                                                  
l.6 –∞ –∏–º–µ–Ω–Ω
                 –æ, –¥–ª—è –∫–∞–∂–¥–æ–≥–æ —Å–∫–æ–ª—å —É–≥–æ–¥–Ω–æ –º–∞–ª–æ–...

You may provide a definition with
\DeclareUnicodeCharacter 


! Package inputenc Error: Unicode character –æ (U+043E)
(inputenc)                not set up for use with LaTeX.

See the inputenc package documentation for explanation.
Type  H <return>  for immediate help.
 ...                                              
                                                  
l.6 –∞ –∏–º–µ–Ω–Ω–æ
                   , –¥–ª—è –∫–∞–∂–¥–æ–≥–æ —Å–∫–æ–ª—å —É–≥–æ–¥–Ω–æ –º–∞–ª–æ–...

You may provide a definition with
\DeclareUnicodeCharacter 

Missing character: There is no , in font nullfont!

! Package inputenc Error: Unicode character –¥ (U+0434)
(inputenc)                not set up for use with LaTeX.

See the inputenc package documentation for explanation.
Type  H <return>  for immediate help.
 ...                                              
                                                  
l.6 –∞ –∏–º–µ–Ω–Ω–æ, –¥
                       –ª—è –∫–∞–∂–¥–æ–≥–æ —Å–∫–æ–ª—å —É–≥–æ–¥–Ω–æ –º–∞–ª–æ–...

You may provide a definition with
\DeclareUnicodeCharacter 


! Package inputenc Error: Unicode character –ª (U+043B)
(inputenc)                not set up for use with LaTeX.

See the inputenc package documentation for explanation.
Type  H <return>  for immediate help.
 ...                                              
                                                  
l.6 –∞ –∏–º–µ–Ω–Ω–æ, –¥–ª
                         —è –∫–∞–∂–¥–æ–≥–æ —Å–∫–æ–ª—å —É–≥–æ–¥–Ω–æ –º–∞–ª–æ–...

You may provide a definition with
\DeclareUnicodeCharacter 


! Package inputenc Error: Unicode character —è (U+044F)
(inputenc)                not set up for use with LaTeX.

See the inputenc package documentation for explanation.
Type  H <return>  for immediate help.
 ...                                              
                                                  
l.6 –∞ –∏–º–µ–Ω–Ω–æ, –¥–ª—è
                            –∫–∞–∂–¥–æ–≥–æ —Å–∫–æ–ª—å —É–≥–æ–¥–Ω–æ –º–∞–ª–æ–...

You may provide a definition with
\DeclareUnicodeCharacter 


! Package inputenc Error: Unicode character –∫ (U+043A)
(inputenc)                not set up for use with LaTeX.

See the inputenc package documentation for explanation.
Type  H <return>  for immediate help.
 ...                                              
                                                  
l.6 –∞ –∏–º–µ–Ω–Ω–æ, –¥–ª—è –∫
                              –∞–∂–¥–æ–≥–æ —Å–∫–æ–ª—å —É–≥–æ–¥–Ω–æ –º–∞–ª–æ–...

You may provide a definition with
\DeclareUnicodeCharacter 


! Package inputenc Error: Unicode character –∞ (U+0430)
(inputenc)                not set up for use with LaTeX.

See the inputenc package documentation for explanation.
Type  H <return>  for immediate help.
 ...                                              
                                                  
l.6 –∞ –∏–º–µ–Ω–Ω–æ, –¥–ª—è –∫–∞
                                –∂–¥–æ–≥–æ —Å–∫–æ–ª—å —É–≥–æ–¥–Ω–æ –º–∞–ª–æ–...

You may provide a definition with
\DeclareUnicodeCharacter 


! Package inputenc Error: Unicode character –∂ (U+0436)
(inputenc)                not set up for use with LaTeX.

See the inputenc package documentation for explanation.
Type  H <return>  for immediate help.
 ...                                              
                                                  
l.6 –∞ –∏–º–µ–Ω–Ω–æ, –¥–ª—è –∫–∞–∂
                                  –¥–æ–≥–æ —Å–∫–æ–ª—å —É–≥–æ–¥–Ω–æ –º–∞–ª–æ–...

You may provide a definition with
\DeclareUnicodeCharacter 


! Package inputenc Error: Unicode character –¥ (U+0434)
(inputenc)                not set up for use with LaTeX.

See the inputenc package documentation for explanation.
Type  H <return>  for immediate help.
 ...                                              
                                                  
l.6 –∞ –∏–º–µ–Ω–Ω–æ, –¥–ª—è –∫–∞–∂–¥
                                    –æ–≥–æ —Å–∫–æ–ª—å —É–≥–æ–¥–Ω–æ –º–∞–ª–æ–...

You may provide a definition with
\DeclareUnicodeCharacter 


! Package inputenc Error: Unicode character –æ (U+043E)
(inputenc)                not set up for use with LaTeX.

See the inputenc package documentation for explanation.
Type  H <return>  for immediate help.
 ...                                              
                                                  
l.6 –∞ –∏–º–µ–Ω–Ω–æ, –¥–ª—è –∫–∞–∂–¥–æ
                                      –≥–æ —Å–∫–æ–ª—å —É–≥–æ–¥–Ω–æ –º–∞–ª–æ–...

You may provide a definition with
\DeclareUnicodeCharacter 


! Package inputenc Error: Unicode character –≥ (U+0433)
(inputenc)                not set up for use with LaTeX.

See the inputenc package documentation for explanation.
Type  H <return>  for immediate help.
 ...                                              
                                                  
l.6 –∞ –∏–º–µ–Ω–Ω–æ, –¥–ª—è –∫–∞–∂–¥–æ–≥
                                        –æ —Å–∫–æ–ª—å —É–≥–æ–¥–Ω–æ –º–∞–ª–æ–...

You may provide a definition with
\DeclareUnicodeCharacter 


! Package inputenc Error: Unicode character –æ (U+043E)
(inputenc)                not set up for use with LaTeX.

See the inputenc package documentation for explanation.
Type  H <return>  for immediate help.
 ...                                              
                                                  
l.6 –∞ –∏–º–µ–Ω–Ω–æ, –¥–ª—è –∫–∞–∂–¥–æ–≥–æ
                                           —Å–∫–æ–ª—å —É–≥–æ–¥–Ω–æ –º–∞–ª–æ–...

You may provide a definition with
\DeclareUnicodeCharacter 


! Package inputenc Error: Unicode character —Å (U+0441)
(inputenc)                not set up for use with LaTeX.

See the inputenc package documentation for explanation.
Type  H <return>  for immediate help.
 ...                                              
                                                  
l.6 –∞ –∏–º–µ–Ω–Ω–æ, –¥–ª—è –∫–∞–∂–¥–æ–≥–æ —Å
                                             –∫–æ–ª—å —É–≥–æ–¥–Ω–æ –º–∞–ª–æ–...

You may provide a definition with
\DeclareUnicodeCharacter 


! Package inputenc Error: Unicode character –∫ (U+043A)
(inputenc)                not set up for use with LaTeX.

See the inputenc package documentation for explanation.
Type  H <return>  for immediate help.
 ...                                              
                                                  
l.6 –∞ –∏–º–µ–Ω–Ω–æ, –¥–ª—è –∫–∞–∂–¥–æ–≥–æ —Å–∫
                                               –æ–ª—å —É–≥–æ–¥–Ω–æ –º–∞–ª–æ–...

You may provide a definition with
\DeclareUnicodeCharacter 


! Package inputenc Error: Unicode character –æ (U+043E)
(inputenc)                not set up for use with LaTeX.

See the inputenc package documentation for explanation.
Type  H <return>  for immediate help.
 ...                                              
                                                  
l.6 –∞ –∏–º–µ–Ω–Ω–æ, –¥–ª—è –∫–∞–∂–¥–æ–≥–æ —Å–∫–æ
                                                 –ª—å —É–≥–æ–¥–Ω–æ –º–∞–ª–æ–...

You may provide a definition with
\DeclareUnicodeCharacter 


! Package inputenc Error: Unicode character –ª (U+043B)
(inputenc)                not set up for use with LaTeX.

See the inputenc package documentation for explanation.
Type  H <return>  for immediate help.
 ...                                              
                                                  
l.6 ...∏–º–µ–Ω–Ω–æ, –¥–ª—è –∫–∞–∂–¥–æ–≥–æ —Å–∫–æ–ª
                                                  —å —É–≥–æ–¥–Ω–æ –º–∞–ª–æ–≥...

You may provide a definition with
\DeclareUnicodeCharacter 


! Package inputenc Error: Unicode character —å (U+044C)
(inputenc)                not set up for use with LaTeX.

See the inputenc package documentation for explanation.
Type  H <return>  for immediate help.
 ...                                              
                                                  
l.6 ...º–µ–Ω–Ω–æ, –¥–ª—è –∫–∞–∂–¥–æ–≥–æ —Å–∫–æ–ª—å
                                                   —É–≥–æ–¥–Ω–æ –º–∞–ª–æ–≥–æ...

You may provide a definition with
\DeclareUnicodeCharacter 


! Package inputenc Error: Unicode character —É (U+0443)
(inputenc)                not set up for use with LaTeX.

See the inputenc package documentation for explanation.
Type  H <return>  for immediate help.
 ...                                              
                                                  
l.6 ...–Ω–Ω–æ, –¥–ª—è –∫–∞–∂–¥–æ–≥–æ —Å–∫–æ–ª—å —É
                                                  –≥–æ–¥–Ω–æ –º–∞–ª–æ–≥–æ —á...

You may provide a definition with
\DeclareUnicodeCharacter 


! Package inputenc Error: Unicode character –≥ (U+0433)
(inputenc)                not set up for use with LaTeX.

See the inputenc package documentation for explanation.
Type  H <return>  for immediate help.
 ...                                              
                                                  
l.6 ...–Ω–æ, –¥–ª—è –∫–∞–∂–¥–æ–≥–æ —Å–∫–æ–ª—å —É–≥
                                                  –æ–¥–Ω–æ –º–∞–ª–æ–≥–æ —á–∏...

You may provide a definition with
\DeclareUnicodeCharacter 


! Package inputenc Error: Unicode character –æ (U+043E)
(inputenc)                not set up for use with LaTeX.

See the inputenc package documentation for explanation.
Type  H <return>  for immediate help.
 ...                                              
                                                  
l.6 ...–æ, –¥–ª—è –∫–∞–∂–¥–æ–≥–æ —Å–∫–æ–ª—å —É–≥–æ
                                                  –¥–Ω–æ –º–∞–ª–æ–≥–æ —á–∏—Å...

You may provide a definition with
\DeclareUnicodeCharacter 


! Package inputenc Error: Unicode character –¥ (U+0434)
(inputenc)                not set up for use with LaTeX.

See the inputenc package documentation for explanation.
Type  H <return>  for immediate help.
 ...                                              
                                                  
l.6 ..., –¥–ª—è –∫–∞–∂–¥–æ–≥–æ —Å–∫–æ–ª—å —É–≥–æ–¥
                                                  –Ω–æ –º–∞–ª–æ–≥–æ —á–∏—Å–ª...

You may provide a definition with
\DeclareUnicodeCharacter 


! Package inputenc Error: Unicode character –Ω (U+043D)
(inputenc)                not set up for use with LaTeX.

See the inputenc package documentation for explanation.
Type  H <return>  for immediate help.
 ...                                              
                                                  
l.6 ...–¥–ª—è –∫–∞–∂–¥–æ–≥–æ —Å–∫–æ–ª—å —É–≥–æ–¥–Ω
                                                  –æ –º–∞–ª–æ–≥–æ —á–∏—Å–ª–∞...

You may provide a definition with
\DeclareUnicodeCharacter 


! Package inputenc Error: Unicode character –æ (U+043E)
(inputenc)                not set up for use with LaTeX.

See the inputenc package documentation for explanation.
Type  H <return>  for immediate help.
 ...                                              
                                                  
l.6 ...–ª—è –∫–∞–∂–¥–æ–≥–æ —Å–∫–æ–ª—å —É–≥–æ–¥–Ω–æ
                                                   –º–∞–ª–æ–≥–æ —á–∏—Å–ª–∞ $...

You may provide a definition with
\DeclareUnicodeCharacter 


! Package inputenc Error: Unicode character –º (U+043C)
(inputenc)                not set up for use with LaTeX.

See the inputenc package documentation for explanation.
Type  H <return>  for immediate help.
 ...                                              
                                                  
l.6 ...è –∫–∞–∂–¥–æ–≥–æ —Å–∫–æ–ª—å —É–≥–æ–¥–Ω–æ –º
                                                  –∞–ª–æ–≥–æ —á–∏—Å–ª–∞ $\ep...

You may provide a definition with
\DeclareUnicodeCharacter 


! Package inputenc Error: Unicode character –∞ (U+0430)
(inputenc)                not set up for use with LaTeX.

See the inputenc package documentation for explanation.
Type  H <return>  for immediate help.
 ...                                              
                                                  
l.6 ...–∫–∞–∂–¥–æ–≥–æ —Å–∫–æ–ª—å —É–≥–æ–¥–Ω–æ –º–∞
                                                  –ª–æ–≥–æ —á–∏—Å–ª–∞ $\eps>...

You may provide a definition with
\DeclareUnicodeCharacter 


! Package inputenc Error: Unicode character –ª (U+043B)
(inputenc)                not set up for use with LaTeX.

See the inputenc package documentation for explanation.
Type  H <return>  for immediate help.
 ...                                              
                                                  
l.6 ...–∞–∂–¥–æ–≥–æ —Å–∫–æ–ª—å —É–≥–æ–¥–Ω–æ –º–∞–ª
                                                  –æ–≥–æ —á–∏—Å–ª–∞ $\eps>0$...

You may provide a definition with
\DeclareUnicodeCharacter 


! Package inputenc Error: Unicode character –æ (U+043E)
(inputenc)                not set up for use with LaTeX.

See the inputenc package documentation for explanation.
Type  H <return>  for immediate help.
 ...                                              
                                                  
l.6 ...–∂–¥–æ–≥–æ —Å–∫–æ–ª—å —É–≥–æ–¥–Ω–æ –º–∞–ª–æ
                                                  –≥–æ —á–∏—Å–ª–∞ $\eps>0$ –...

You may provide a definition with
\DeclareUnicodeCharacter 


! Package inputenc Error: Unicode character –≥ (U+0433)
(inputenc)                not set up for use with LaTeX.

See the inputenc package documentation for explanation.
Type  H <return>  for immediate help.
 ...                                              
                                                  
l.6 ...–¥–æ–≥–æ —Å–∫–æ–ª—å —É–≥–æ–¥–Ω–æ –º–∞–ª–æ–≥
                                                  –æ —á–∏—Å–ª–∞ $\eps>0$ –Ω–...

You may provide a definition with
\DeclareUnicodeCharacter 


! Package inputenc Error: Unicode character –æ (U+043E)
(inputenc)                not set up for use with LaTeX.

See the inputenc package documentation for explanation.
Type  H <return>  for immediate help.
 ...                                              
                                                  
l.6 ...–æ–≥–æ —Å–∫–æ–ª—å —É–≥–æ–¥–Ω–æ –º–∞–ª–æ–≥–æ
                                                   —á–∏—Å–ª–∞ $\eps>0$ –Ω–∞–...

You may provide a definition with
\DeclareUnicodeCharacter 


! Package inputenc Error: Unicode character —á (U+0447)
(inputenc)                not set up for use with LaTeX.

See the inputenc package documentation for explanation.
Type  H <return>  for immediate help.
 ...                                              
                                                  
l.6 ...≥–æ —Å–∫–æ–ª—å —É–≥–æ–¥–Ω–æ –º–∞–ª–æ–≥–æ —á
                                                  –∏—Å–ª–∞ $\eps>0$ –Ω–∞–π—Ç...

You may provide a definition with
\DeclareUnicodeCharacter 


! Package inputenc Error: Unicode character –∏ (U+0438)
(inputenc)                not set up for use with LaTeX.

See the inputenc package documentation for explanation.
Type  H <return>  for immediate help.
 ...                                              
                                                  
l.6 ...æ —Å–∫–æ–ª—å —É–≥–æ–¥–Ω–æ –º–∞–ª–æ–≥–æ —á–∏
                                                  —Å–ª–∞ $\eps>0$ –Ω–∞–π—Ç–∏...

You may provide a definition with
\DeclareUnicodeCharacter 


! Package inputenc Error: Unicode character —Å (U+0441)
(inputenc)                not set up for use with LaTeX.

See the inputenc package documentation for explanation.
Type  H <return>  for immediate help.
 ...                                              
                                                  
l.6 ...—Å–∫–æ–ª—å —É–≥–æ–¥–Ω–æ –º–∞–ª–æ–≥–æ —á–∏—Å
                                                  –ª–∞ $\eps>0$ –Ω–∞–π—Ç–∏ –...

You may provide a definition with
\DeclareUnicodeCharacter 


! Package inputenc Error: Unicode character –ª (U+043B)
(inputenc)                not set up for use with LaTeX.

See the inputenc package documentation for explanation.
Type  H <return>  for immediate help.
 ...                                              
                                                  
l.6 ...–∫–æ–ª—å —É–≥–æ–¥–Ω–æ –º–∞–ª–æ–≥–æ —á–∏—Å–ª
                                                  –∞ $\eps>0$ –Ω–∞–π—Ç–∏ –Ω–...

You may provide a definition with
\DeclareUnicodeCharacter 


! Package inputenc Error: Unicode character –∞ (U+0430)
(inputenc)                not set up for use with LaTeX.

See the inputenc package documentation for explanation.
Type  H <return>  for immediate help.
 ...                                              
                                                  
l.6 ...–æ–ª—å —É–≥–æ–¥–Ω–æ –º–∞–ª–æ–≥–æ —á–∏—Å–ª–∞
                                                   $\eps>0$ –Ω–∞–π—Ç–∏ –Ω–∞–...

You may provide a definition with
\DeclareUnicodeCharacter 

! Undefined control sequence.
<recently read> \eps 
                     
l.6 ... —É–≥–æ–¥–Ω–æ –º–∞–ª–æ–≥–æ —á–∏—Å–ª–∞ $\eps
                                                  >0$ –Ω–∞–π—Ç–∏ –Ω–∞–∏–º–µ–...
The control sequence at the end of the top line
of your error message was never \def'ed. If you have
misspelled it (e.g., `\hobx'), type `I' and the correct
spelling (e.g., `I\hbox'). Otherwise just continue,
and I'll forget about whatever was undefined.


! Package inputenc Error: Unicode character –Ω (U+043D)
(inputenc)                not set up for use with LaTeX.

See the inputenc package documentation for explanation.
Type  H <return>  for immediate help.
 ...                                              
                                                  
l.6 ...æ–¥–Ω–æ –º–∞–ª–æ–≥–æ —á–∏—Å–ª–∞ $\eps>0$ –Ω
                                                  –∞–π—Ç–∏ –Ω–∞–∏–º–µ–Ω—å—à–...

You may provide a definition with
\DeclareUnicodeCharacter 


! Package inputenc Error: Unicode character –∞ (U+0430)
(inputenc)                not set up for use with LaTeX.

See the inputenc package documentation for explanation.
Type  H <return>  for immediate help.
 ...                                              
                                                  
l.6 ...¥–Ω–æ –º–∞–ª–æ–≥–æ —á–∏—Å–ª–∞ $\eps>0$ –Ω–∞
                                                  –π—Ç–∏ –Ω–∞–∏–º–µ–Ω—å—à–µ–...

You may provide a definition with
\DeclareUnicodeCharacter 


! Package inputenc Error: Unicode character –π (U+0439)
(inputenc)                not set up for use with LaTeX.

See the inputenc package documentation for explanation.
Type  H <return>  for immediate help.
 ...                                              
                                                  
l.6 ...Ω–æ –º–∞–ª–æ–≥–æ —á–∏—Å–ª–∞ $\eps>0$ –Ω–∞–π
                                                  —Ç–∏ –Ω–∞–∏–º–µ–Ω—å—à–µ–µ ...

You may provide a definition with
\DeclareUnicodeCharacter 


! Package inputenc Error: Unicode character —Ç (U+0442)
(inputenc)                not set up for use with LaTeX.

See the inputenc package documentation for explanation.
Type  H <return>  for immediate help.
 ...                                              
                                                  
l.6 ...æ –º–∞–ª–æ–≥–æ —á–∏—Å–ª–∞ $\eps>0$ –Ω–∞–π—Ç
                                                  –∏ –Ω–∞–∏–º–µ–Ω—å—à–µ–µ –Ω...

You may provide a definition with
\DeclareUnicodeCharacter 


! Package inputenc Error: Unicode character –∏ (U+0438)
(inputenc)                not set up for use with LaTeX.

See the inputenc package documentation for explanation.
Type  H <return>  for immediate help.
 ...                                              
                                                  
l.6 ...–º–∞–ª–æ–≥–æ —á–∏—Å–ª–∞ $\eps>0$ –Ω–∞–π—Ç–∏
                                                   –Ω–∞–∏–º–µ–Ω—å—à–µ–µ –Ω–∞...

You may provide a definition with
\DeclareUnicodeCharacter 


! Package inputenc Error: Unicode character –Ω (U+043D)
(inputenc)                not set up for use with LaTeX.

See the inputenc package documentation for explanation.
Type  H <return>  for immediate help.
 ...                                              
                                                  
l.6 ...∞–ª–æ–≥–æ —á–∏—Å–ª–∞ $\eps>0$ –Ω–∞–π—Ç–∏ –Ω
                                                  –∞–∏–º–µ–Ω—å—à–µ–µ –Ω–∞—Ç—...
(That makes 100 errors; please try again.) 
Here is how much of TeX's memory you used:
 50 strings out of 479697
 781 string characters out of 2867132
 266170 words of memory out of 3000000
 17242 multiletter control sequences out of 15000+200000
 403765 words of font info for 28 fonts, out of 3000000 for 9000
 1141 hyphenation exceptions out of 8191
 18i,2n,15p,181b,93s stack positions out of 5000i,500n,10000p,200000b,50000s

!  ==> Fatal error occurred, no output PDF file produced!
